\BOOKMARK [0][-]{chapter*.1}{\376\377\144\130\000\040\000\040\000\040\000\040\211\201}{}
\BOOKMARK [0][-]{section*.2}{\376\377\166\356\000\040\000\040\000\040\000\040\137\125}{}
\BOOKMARK [0][-]{section*.4}{\376\377\126\376\166\356\137\125}{}
\BOOKMARK [0][-]{section*.6}{\376\377\210\150\166\356\137\125}{}
\BOOKMARK [0][-]{chapter.1}{\376\377\000\061\000\040\200\314\146\157\167\345\213\306}{}
\BOOKMARK [1][-]{section.1.1}{\376\377\000\061\000\056\000\061\000\040\000\120\000\103\000\102\000\040\173\200\116\313}{chapter.1}
\BOOKMARK [2][-]{subsection.1.1.1}{\376\377\000\061\000\056\000\061\000\056\000\061\000\040\000\120\000\103\000\102\000\040\166\204\176\304\142\020\147\120\145\231}{section.1.1}
\BOOKMARK [2][-]{subsection.1.1.2}{\376\377\000\061\000\056\000\061\000\056\000\062\000\040\000\120\000\103\000\102\000\040\134\102\123\232\213\276\177\156\377\032\226\073\142\227\143\247\122\066}{section.1.1}
\BOOKMARK [1][-]{section.1.2}{\376\377\000\061\000\056\000\062\000\040\126\333\134\102\000\120\000\103\000\102\147\177\122\066\117\134\217\307\172\013}{chapter.1}
\BOOKMARK [0][-]{chapter.2}{\376\377\000\062\000\040\000\103\000\141\000\144\000\145\000\156\000\143\000\145\000\040\122\060\000\040\000\120\000\103\000\102\000\040\155\101\172\013}{}
\BOOKMARK [1][-]{section.2.1}{\376\377\000\062\000\056\000\061\000\040\000\103\000\141\000\144\000\145\000\156\000\143\000\145\000\040\000\110\000\145\000\154\000\160\000\040\117\177\165\050}{chapter.2}
\BOOKMARK [2][-]{subsection.2.1.1}{\376\377\000\062\000\056\000\061\000\056\000\061\000\040\000\143\000\141\000\144\000\145\000\156\000\143\000\145\000\040\000\150\000\145\000\154\000\160\000\040\214\003\165\050\172\013\136\217\213\276\177\156}{section.2.1}
\BOOKMARK [2][-]{subsection.2.1.2}{\376\377\000\062\000\056\000\061\000\056\000\062\000\040\000\143\000\141\000\144\000\145\000\156\000\143\000\145\000\040\000\150\000\145\000\154\000\160\000\040\117\177\165\050\145\131\172\013\150\067\117\213}{section.2.1}
\BOOKMARK [2][-]{subsection.2.1.3}{\376\377\000\062\000\056\000\061\000\056\000\063\000\040\000\143\000\141\000\144\000\145\000\156\000\143\000\145\000\040\000\150\000\145\000\154\000\160\000\040\146\364\145\260\140\142\131\015}{section.2.1}
\BOOKMARK [1][-]{section.2.2}{\376\377\000\062\000\056\000\062\000\040\123\237\164\006\126\376\220\350\122\006}{chapter.2}
\BOOKMARK [2][-]{subsection.2.2.1}{\376\377\000\062\000\056\000\062\000\056\000\061\000\040\134\136\140\047\213\276\177\156}{section.2.2}
\BOOKMARK [3][-]{subsubsection.2.2.1.1}{\376\377\000\062\000\056\000\062\000\056\000\061\000\056\000\061\000\040\162\151\145\231\123\125}{subsection.2.2.1}
\BOOKMARK [3][-]{subsubsection.2.2.1.2}{\376\377\000\062\000\056\000\062\000\056\000\061\000\056\000\062\000\040\000\117\000\122\000\103\000\101\000\104\123\237\164\006\126\376\136\223\134\136\140\047}{subsection.2.2.1}
\BOOKMARK [3][-]{subsubsection.2.2.1.3}{\376\377\000\062\000\056\000\062\000\056\000\061\000\056\000\063\000\040\000\117\000\122\000\103\000\101\000\104\000\040\232\330\145\110\137\353\143\167\225\056}{subsection.2.2.1}
\BOOKMARK [3][-]{subsubsection.2.2.1.4}{\376\377\000\062\000\056\000\062\000\056\000\061\000\056\000\064\000\040\000\141\000\156\000\156\000\157\000\164\000\141\000\164\000\145\000\040\150\007\123\367\134\136\140\047}{subsection.2.2.1}
\BOOKMARK [3][-]{subsubsection.2.2.1.5}{\376\377\000\062\000\056\000\062\000\056\000\061\000\056\000\065\000\040\000\115\000\117\000\104\000\105\000\040\134\136\140\047}{subsection.2.2.1}
\BOOKMARK [3][-]{subsubsection.2.2.1.6}{\376\377\000\062\000\056\000\062\000\056\000\061\000\056\000\066\000\040\000\144\000\162\000\143\000\040\134\136\140\047}{subsection.2.2.1}
\BOOKMARK [2][-]{subsection.2.2.2}{\376\377\000\062\000\056\000\062\000\056\000\062\000\040\136\070\165\050\213\276\213\241\142\200\135\347}{section.2.2}
\BOOKMARK [3][-]{subsubsection.2.2.2.1}{\376\377\000\062\000\056\000\062\000\056\000\062\000\056\000\061\000\040\000\101\000\104\123\237\164\006\126\376\134\001\210\305\217\154\143\142\000\117\000\122\000\103\000\101\000\104}{subsection.2.2.2}
\BOOKMARK [3][-]{subsubsection.2.2.2.2}{\376\377\000\062\000\056\000\062\000\056\000\062\000\056\000\062\000\040\152\041\127\127\165\065\215\357\117\335\133\130\214\003\165\050}{subsection.2.2.2}
\BOOKMARK [3][-]{subsubsection.2.2.2.3}{\376\377\000\062\000\056\000\062\000\056\000\062\000\056\000\063\000\040\131\032\172\227\123\343\146\076\171\072\124\014\116\000\165\065\215\357\126\376}{subsection.2.2.2}
\BOOKMARK [3][-]{subsubsection.2.2.2.4}{\376\377\000\062\000\056\000\062\000\056\000\062\000\056\000\064\000\040\000\157\000\162\000\143\000\141\000\144\000\040\217\154\000\040\000\120\000\104\000\106}{subsection.2.2.2}
\BOOKMARK [3][-]{subsubsection.2.2.2.5}{\376\377\000\062\000\056\000\062\000\056\000\062\000\056\000\065\000\040\211\304\122\031\213\276\177\156}{subsection.2.2.2}
\BOOKMARK [3][-]{subsubsection.2.2.2.6}{\376\377\000\062\000\056\000\062\000\056\000\062\000\056\000\066\000\040\000\117\000\122\000\103\000\101\000\104\000\040\154\350\141\017\116\213\230\171}{subsection.2.2.2}
\BOOKMARK [1][-]{section.2.3}{\376\377\000\062\000\056\000\063\000\040\000\120\000\103\000\102\000\040\220\350\122\006}{chapter.2}
\BOOKMARK [2][-]{subsection.2.3.1}{\376\377\000\062\000\056\000\063\000\056\000\061\000\040\000\141\000\154\000\154\000\145\000\147\000\162\000\157\000\040\144\315\117\134\213\276\177\156}{section.2.3}
\BOOKMARK [3][-]{subsubsection.2.3.1.1}{\376\377\000\062\000\056\000\063\000\056\000\061\000\056\000\061\000\040\137\353\143\167\225\056\213\276\177\156}{subsection.2.3.1}
\BOOKMARK [3][-]{subsubsection.2.3.1.2}{\376\377\000\062\000\056\000\063\000\056\000\061\000\056\000\062\000\040\237\040\150\007\142\113\122\277\213\276\177\156}{subsection.2.3.1}
\BOOKMARK [3][-]{subsubsection.2.3.1.3}{\376\377\000\062\000\056\000\063\000\056\000\061\000\056\000\063\000\040\171\373\122\250\126\150\116\366\145\366\145\071\123\330\134\001\210\305\133\232\117\115\131\004}{subsection.2.3.1}
\BOOKMARK [3][-]{subsubsection.2.3.1.4}{\376\377\000\062\000\056\000\063\000\056\000\061\000\056\000\064\000\040\000\101\000\114\000\114\000\105\000\107\000\122\000\117\000\040\232\330\145\110\137\353\143\167\225\056}{subsection.2.3.1}
\BOOKMARK [3][-]{subsubsection.2.3.1.5}{\376\377\000\062\000\056\000\063\000\056\000\061\000\056\000\065\000\040\000\101\000\114\000\114\000\105\000\107\000\122\000\117\000\040\144\315\117\134\133\371\136\224\124\175\116\344}{subsection.2.3.1}
\BOOKMARK [3][-]{subsubsection.2.3.1.6}{\376\377\000\062\000\056\000\063\000\056\000\061\000\056\000\066\000\040\176\330\122\066\126\376\137\142\166\204\174\276\170\156\127\120\150\007\133\232\117\115}{subsection.2.3.1}
\BOOKMARK [3][-]{subsubsection.2.3.1.7}{\376\377\000\062\000\056\000\063\000\056\000\061\000\056\000\067\000\040\171\373\122\250\126\150\116\366\145\366\145\071\123\330\134\001\210\305\133\232\117\115\131\004}{subsection.2.3.1}
\BOOKMARK [3][-]{subsubsection.2.3.1.8}{\376\377\000\062\000\056\000\063\000\056\000\061\000\056\000\070\000\040\136\223\213\276\177\156}{subsection.2.3.1}
\BOOKMARK [3][-]{subsubsection.2.3.1.9}{\376\377\000\062\000\056\000\063\000\056\000\061\000\056\000\071\000\040\154\350\141\017\116\213\230\171}{subsection.2.3.1}
\BOOKMARK [2][-]{subsection.2.3.2}{\376\377\000\062\000\056\000\063\000\056\000\062\000\040\000\141\000\154\000\154\000\145\000\147\000\162\000\157\000\040\123\302\145\160\213\276\177\156}{section.2.3}
\BOOKMARK [3][-]{subsubsection.2.3.2.1}{\376\377\000\062\000\056\000\063\000\056\000\062\000\056\000\061\000\040\146\076\171\072\377\014\121\163\225\355\142\100\147\011\134\102}{subsection.2.3.2}
\BOOKMARK [3][-]{subsubsection.2.3.2.2}{\376\377\000\062\000\056\000\063\000\056\000\062\000\056\000\062\000\040\133\374\121\145\177\121\210\150\213\276\177\156}{subsection.2.3.2}
\BOOKMARK [3][-]{subsubsection.2.3.2.3}{\376\377\000\062\000\056\000\063\000\056\000\062\000\056\000\063\000\040\133\374\121\145\000\040\000\144\000\170\000\146\000\040\213\276\177\156}{subsection.2.3.2}
\BOOKMARK [3][-]{subsubsection.2.3.2.4}{\376\377\000\062\000\056\000\063\000\056\000\062\000\056\000\064\000\040\133\374\121\145\121\103\126\150\116\366\127\120\150\007\213\276\177\156}{subsection.2.3.2}
\BOOKMARK [3][-]{subsubsection.2.3.2.5}{\376\377\000\062\000\056\000\063\000\056\000\062\000\056\000\065\000\040\165\065\156\220\177\121\176\334\230\336\176\277\146\076\171\072\213\276\177\156}{subsection.2.3.2}
\BOOKMARK [3][-]{subsubsection.2.3.2.6}{\376\377\000\062\000\056\000\063\000\056\000\062\000\056\000\066\000\040\136\003\147\177\136\070\165\050\211\304\122\031\213\276\177\156}{subsection.2.3.2}
\BOOKMARK [3][-]{subsubsection.2.3.2.7}{\376\377\000\062\000\056\000\063\000\056\000\062\000\056\000\067\000\040\000\101\000\104\000\040\000\120\000\103\000\102\126\376\134\001\210\305\217\154\143\142\000\101\000\114\000\114\000\105\000\107\000\122\000\117}{subsection.2.3.2}
\BOOKMARK [3][-]{subsubsection.2.3.2.8}{\376\377\000\062\000\056\000\063\000\056\000\062\000\056\000\070\000\040\137\025\121\145\131\026\220\350\213\276\177\156}{subsection.2.3.2}
\BOOKMARK [3][-]{subsubsection.2.3.2.9}{\376\377\000\062\000\056\000\063\000\056\000\062\000\056\000\071\000\040\142\171\221\317\117\356\145\071\177\121\176\334\142\323\142\121\134\136\140\047\213\276\177\156}{subsection.2.3.2}
\BOOKMARK [3][-]{subsubsection.2.3.2.10}{\376\377\000\062\000\056\000\063\000\056\000\062\000\056\000\061\000\060\000\040\142\323\142\121\176\323\147\204\166\204\213\276\177\156}{subsection.2.3.2}
\BOOKMARK [4][-]{paragraph.2.3.2.10.1}{\376\377\000\062\000\056\000\063\000\056\000\062\000\056\000\061\000\060\000\056\000\061\000\040\000\124\000\040\176\323\160\271\166\204\213\276\177\156}{subsubsection.2.3.2.10}
\BOOKMARK [4][-]{paragraph.2.3.2.10.2}{\376\377\000\062\000\056\000\063\000\056\000\062\000\056\000\061\000\060\000\056\000\062\000\040\000\115\000\151\000\156\000\151\000\155\000\165\000\155\000\040\000\123\000\160\000\141\000\156\000\156\000\151\000\156\000\147\000\040\000\164\000\162\000\145\000\145\000\040\142\323\142\121}{subsubsection.2.3.2.10}
\BOOKMARK [4][-]{paragraph.2.3.2.10.3}{\376\377\000\062\000\056\000\063\000\056\000\062\000\056\000\061\000\060\000\056\000\063\000\040\000\104\000\141\000\151\000\163\000\171\000\040\000\103\000\150\000\141\000\151\000\156\000\040\142\323\142\121}{subsubsection.2.3.2.10}
\BOOKMARK [4][-]{paragraph.2.3.2.10.4}{\376\377\000\062\000\056\000\063\000\056\000\062\000\056\000\061\000\060\000\056\000\064\000\040\000\123\000\157\000\165\000\162\000\143\000\145\000\040\000\114\000\157\000\141\000\144\000\040\000\104\000\141\000\151\000\163\000\171\000\040\000\103\000\150\000\141\000\151\000\156\000\040\142\323\142\121}{subsubsection.2.3.2.10}
\BOOKMARK [4][-]{paragraph.2.3.2.10.5}{\376\377\000\062\000\056\000\063\000\056\000\062\000\056\000\061\000\060\000\056\000\065\000\040\000\123\000\164\000\141\000\162\000\040\142\323\142\121}{subsubsection.2.3.2.10}
\BOOKMARK [4][-]{paragraph.2.3.2.10.6}{\376\377\000\062\000\056\000\063\000\056\000\062\000\056\000\061\000\060\000\056\000\066\000\040\000\106\000\141\000\162\000\040\000\105\000\156\000\144\000\040\000\103\000\154\000\165\000\163\000\164\000\145\000\162\000\040\142\323\142\121}{subsubsection.2.3.2.10}
\BOOKMARK [3][-]{subsubsection.2.3.2.11}{\376\377\000\062\000\056\000\063\000\056\000\062\000\056\000\061\000\061\000\040\000\101\000\114\000\114\000\105\000\107\000\122\000\117\000\040\201\352\122\250\136\003\176\277\213\276\177\156}{subsection.2.3.2}
\BOOKMARK [4][-]{paragraph.2.3.2.11.1}{\376\377\000\062\000\056\000\063\000\056\000\062\000\056\000\061\000\061\000\056\000\061\000\040\211\304\122\031\213\276\177\156\211\201\160\271}{subsubsection.2.3.2.11}
\BOOKMARK [4][-]{paragraph.2.3.2.11.2}{\376\377\000\062\000\056\000\063\000\056\000\062\000\056\000\061\000\061\000\056\000\062\000\040\123\112\201\352\122\250\142\311\176\277}{subsubsection.2.3.2.11}
\BOOKMARK [4][-]{paragraph.2.3.2.11.3}{\376\377\000\062\000\056\000\063\000\056\000\062\000\056\000\061\000\061\000\056\000\063\000\040\000\123\000\125\000\120\000\105\000\122\000\040\201\352\122\250\142\311\176\277}{subsubsection.2.3.2.11}
\BOOKMARK [3][-]{subsubsection.2.3.2.12}{\376\377\000\062\000\056\000\063\000\056\000\062\000\056\000\061\000\062\000\040\201\352\122\250\136\003\176\277\142\100\227\000\213\276\177\156\166\204\211\304\122\031}{subsection.2.3.2}
\BOOKMARK [4][-]{paragraph.2.3.2.12.1}{\376\377\000\062\000\056\000\063\000\056\000\062\000\056\000\061\000\062\000\056\000\061\000\040\135\356\122\006\176\277\211\304\122\031}{subsubsection.2.3.2.12}
\BOOKMARK [4][-]{paragraph.2.3.2.12.2}{\376\377\000\062\000\056\000\063\000\056\000\062\000\056\000\061\000\062\000\056\000\062\000\040\225\364\215\335\211\304\122\031}{subsubsection.2.3.2.12}
\BOOKMARK [4][-]{paragraph.2.3.2.12.3}{\376\377\000\062\000\056\000\063\000\056\000\062\000\056\000\061\000\062\000\056\000\063\000\040\162\151\164\006\211\304\122\031}{subsubsection.2.3.2.12}
\BOOKMARK [3][-]{subsubsection.2.3.2.13}{\376\377\000\062\000\056\000\063\000\056\000\062\000\056\000\061\000\063\000\040\000\170\000\156\000\145\000\164\000\040\213\276\177\156}{subsection.2.3.2}
\BOOKMARK [3][-]{subsubsection.2.3.2.14}{\376\377\000\062\000\056\000\063\000\056\000\062\000\056\000\061\000\064\000\040\166\370\133\371\173\111\225\177\213\276\177\156}{subsection.2.3.2}
\BOOKMARK [4][-]{paragraph.2.3.2.14.1}{\376\377\000\062\000\056\000\063\000\056\000\062\000\056\000\061\000\064\000\056\000\061\000\040\166\370\133\371\173\111\225\177\146\076\171\072\213\276\177\156}{subsubsection.2.3.2.14}
\BOOKMARK [4][-]{paragraph.2.3.2.14.2}{\376\377\000\062\000\056\000\063\000\056\000\062\000\056\000\061\000\064\000\056\000\062\000\040\166\370\133\371\173\111\225\177\176\246\147\137\213\276\177\156}{subsubsection.2.3.2.14}
\BOOKMARK [1][-]{section.2.4}{\376\377\000\062\000\056\000\064\000\040\000\120\000\103\000\102\000\040\150\300\147\345\155\101\172\013}{chapter.2}
\BOOKMARK [2][-]{subsection.2.4.1}{\376\377\000\062\000\056\000\064\000\056\000\061\000\040\150\300\147\345\142\245\124\112}{section.2.4}
\BOOKMARK [2][-]{subsection.2.4.2}{\376\377\000\062\000\056\000\064\000\056\000\062\000\040\117\356\145\071\154\350\141\017\116\213\230\171}{section.2.4}
\BOOKMARK [1][-]{section.2.5}{\376\377\000\062\000\056\000\065\000\040\000\107\000\105\000\122\000\102\000\105\000\040\122\066\147\177\145\207\116\366}{chapter.2}
\BOOKMARK [2][-]{subsection.2.5.1}{\376\377\000\062\000\056\000\065\000\056\000\061\000\040\123\160\122\066\147\177\147\000\176\310\145\207\116\366\213\276\177\156}{section.2.5}
\BOOKMARK [2][-]{subsection.2.5.2}{\376\377\000\062\000\056\000\065\000\056\000\062\000\040\142\225\147\177\166\370\121\163\145\207\116\366}{section.2.5}
\BOOKMARK [2][-]{subsection.2.5.3}{\376\377\000\062\000\056\000\065\000\056\000\063\000\040\142\225\147\177\213\364\146\016}{section.2.5}
\BOOKMARK [1][-]{section.2.6}{\376\377\000\062\000\056\000\066\000\040\210\305\221\115\126\376\000\040}{chapter.2}
\BOOKMARK [2][-]{subsection.2.6.1}{\376\377\000\062\000\056\000\066\000\056\000\061\000\040\000\101\000\125\000\124\000\117\000\103\000\101\000\104\000\040\217\157\116\366\136\224\165\050}{section.2.6}
\BOOKMARK [2][-]{subsection.2.6.2}{\376\377\000\062\000\056\000\066\000\056\000\062\000\040\000\124\000\124\213\276\177\156}{section.2.6}
\BOOKMARK [0][-]{chapter.3}{\376\377\000\063\000\040\154\350\141\017\116\213\230\171\123\312\143\250\203\120\217\157\116\366}{}
\BOOKMARK [1][-]{section.3.1}{\376\377\000\063\000\056\000\061\000\040\143\250\203\120\213\276\177\156}{chapter.3}
\BOOKMARK [1][-]{section.3.2}{\376\377\000\063\000\056\000\062\000\040\000\123\000\113\000\111\000\114\000\114\000\040\142\151\134\125\122\237\200\375}{chapter.3}
\BOOKMARK [1][-]{section.3.3}{\376\377\000\063\000\056\000\063\000\040\134\001\210\305\122\066\117\134\135\345\121\167}{chapter.3}
\BOOKMARK [1][-]{section.3.4}{\376\377\000\063\000\056\000\064\000\040\226\073\142\227\213\241\173\227\135\345\121\167}{chapter.3}
\BOOKMARK [1][-]{section.3.5}{\376\377\000\063\000\056\000\065\000\040\156\051\123\107\213\241\173\227\135\345\121\167}{chapter.3}
\BOOKMARK [1][-]{section.3.6}{\376\377\000\063\000\056\000\066\000\040\123\125\117\115\143\142\173\227\135\345\121\167}{chapter.3}
\BOOKMARK [0][-]{chapter*.9}{\376\377\123\302\200\003\145\207\163\056}{}
\BOOKMARK [0][-]{chapter*.10}{\376\377\226\104\137\125}{}
\BOOKMARK [1][-]{section.4.1}{\376\377\000\061\000\040\136\070\165\050\123\125\117\115\143\142\173\227}{chapter*.10}
\BOOKMARK [1][-]{section.4.2}{\376\377\000\062\000\040\215\160\176\277\116\016\217\307\165\065\155\101}{chapter*.10}
\BOOKMARK [1][-]{section.4.3}{\376\377\000\063\000\040\213\241\173\227\147\072\140\073\176\277\226\073\142\227\143\247\122\066}{chapter*.10}
\BOOKMARK [1][-]{section.4.4}{\376\377\000\064\000\040\133\236\232\214\133\244\126\376\123\367\213\276\133\232}{chapter*.10}
\BOOKMARK [1][-]{section.4.5}{\376\377\000\065\000\040\000\103\000\141\000\144\000\145\000\156\000\143\000\145\000\040\217\157\116\366\221\115\177\156\154\350\141\017\000\040}{chapter*.10}
\BOOKMARK [1][-]{section.4.6}{\376\377\000\066\000\040\000\103\000\141\000\144\000\145\000\156\000\143\000\145\000\040\217\157\116\366\203\334\123\125\377\014\126\376\150\007\124\053\116\111\000\040}{chapter*.10}
\BOOKMARK [1][-]{section.4.7}{\376\377\000\067\000\040\000\103\000\141\000\144\000\145\000\156\000\143\000\145\000\040\123\302\200\003\145\207\150\143\000\040}{chapter*.10}
\BOOKMARK [0][-]{chapter*.13}{\376\377\201\364\214\042}{}
